[1.514s] Invoking command in '/home/david/Desktop/infra_red_ws/build/ir_localization': PYTHONPATH=/home/david/Desktop/infra_red_ws/build/ir_localization/prefix_override:/home/david/Desktop/infra_red_ws/install/ir_localization/lib/python3.8/site-packages:${PYTHONPATH} /usr/bin/python3 setup.py develop --editable --build-directory /home/david/Desktop/infra_red_ws/build/ir_localization/build --no-deps install_data
[1.837s] running develop
[2.030s] running egg_info
[2.031s] creating ir_localization.egg-info
[2.031s] writing ir_localization.egg-info/PKG-INFO
[2.031s] writing dependency_links to ir_localization.egg-info/dependency_links.txt
[2.031s] writing entry points to ir_localization.egg-info/entry_points.txt
[2.031s] writing requirements to ir_localization.egg-info/requires.txt
[2.032s] writing top-level names to ir_localization.egg-info/top_level.txt
[2.033s] writing manifest file 'ir_localization.egg-info/SOURCES.txt'
[2.067s] reading manifest file 'ir_localization.egg-info/SOURCES.txt'
[2.067s] writing manifest file 'ir_localization.egg-info/SOURCES.txt'
[2.102s] running build_ext
[2.102s] Creating /home/david/Desktop/infra_red_ws/install/ir_localization/lib/python3.8/site-packages/site.py
[2.104s] Creating /home/david/Desktop/infra_red_ws/install/ir_localization/lib/python3.8/site-packages/ir-localization.egg-link (link to .)
[2.105s] 
[2.105s] Installed /home/david/Desktop/infra_red_ws/build/ir_localization
[2.105s] running install_data
[2.105s] creating /home/david/Desktop/infra_red_ws/install/ir_localization/share/ament_index
[2.106s] creating /home/david/Desktop/infra_red_ws/install/ir_localization/share/ament_index/resource_index
[2.106s] creating /home/david/Desktop/infra_red_ws/install/ir_localization/share/ament_index/resource_index/packages
[2.106s] copying resource/ir_localization -> /home/david/Desktop/infra_red_ws/install/ir_localization/share/ament_index/resource_index/packages
[2.106s] copying package.xml -> /home/david/Desktop/infra_red_ws/install/ir_localization/share/ir_localization
[2.129s] Invoked command in '/home/david/Desktop/infra_red_ws/build/ir_localization' returned '0': PYTHONPATH=/home/david/Desktop/infra_red_ws/build/ir_localization/prefix_override:/home/david/Desktop/infra_red_ws/install/ir_localization/lib/python3.8/site-packages:${PYTHONPATH} /usr/bin/python3 setup.py develop --editable --build-directory /home/david/Desktop/infra_red_ws/build/ir_localization/build --no-deps install_data
