[3.352s] DEBUG:colcon:Command line arguments: ['/usr/bin/colcon', 'build', '--symlink-install']
[3.353s] DEBUG:colcon:Parsed command line arguments: Namespace(allow_overriding=[], ament_cmake_args=None, base_paths=['.'], build_base='build', catkin_cmake_args=None, catkin_skip_building_tests=False, cmake_args=None, cmake_clean_cache=False, cmake_clean_first=False, cmake_force_configure=False, cmake_target=None, cmake_target_skip_unavailable=False, continue_on_error=False, event_handlers=None, executor='parallel', ignore_user_meta=False, install_base='install', log_base=None, log_level=None, main=<bound method BuildVerb.main of <colcon_core.verb.build.BuildVerb object at 0x7f6fa0001d30>>, merge_install=False, metas=['./colcon.meta'], packages_above=None, packages_above_and_dependencies=None, packages_above_depth=None, packages_end=None, packages_ignore=None, packages_ignore_regex=None, packages_select=None, packages_select_build_failed=False, packages_select_by_dep=None, packages_select_regex=None, packages_select_test_failures=False, packages_skip=None, packages_skip_build_finished=False, packages_skip_by_dep=None, packages_skip_regex=None, packages_skip_test_passed=False, packages_skip_up_to=None, packages_start=None, packages_up_to=None, packages_up_to_regex=None, parallel_workers=12, paths=None, symlink_install=True, test_result_base=None, verb_extension=<colcon_core.verb.build.BuildVerb object at 0x7f6fa0001d30>, verb_name='build', verb_parser=<colcon_defaults.argument_parser.defaults.DefaultArgumentsDecorator object at 0x7f6f9fc74910>)
[3.512s] Level 1:colcon.colcon_core.package_discovery:discover_packages(colcon_meta) check parameters
[3.512s] Level 1:colcon.colcon_core.package_discovery:discover_packages(recursive) check parameters
[3.512s] Level 1:colcon.colcon_core.package_discovery:discover_packages(ignore) check parameters
[3.512s] Level 1:colcon.colcon_core.package_discovery:discover_packages(path) check parameters
[3.512s] Level 1:colcon.colcon_core.package_discovery:discover_packages(colcon_meta) discover
[3.512s] Level 1:colcon.colcon_core.package_discovery:discover_packages(recursive) discover
[3.512s] INFO:colcon.colcon_core.package_discovery:Crawling recursively for packages in '/home/david/Desktop/infra_red_ws'
[3.513s] Level 1:colcon.colcon_core.package_identification:_identify(.) by extensions ['ignore', 'ignore_ament_install']
[3.513s] Level 1:colcon.colcon_core.package_identification:_identify(.) by extension 'ignore'
[3.513s] Level 1:colcon.colcon_core.package_identification:_identify(.) by extension 'ignore_ament_install'
[3.513s] Level 1:colcon.colcon_core.package_identification:_identify(.) by extensions ['colcon_pkg']
[3.513s] Level 1:colcon.colcon_core.package_identification:_identify(.) by extension 'colcon_pkg'
[3.513s] Level 1:colcon.colcon_core.package_identification:_identify(.) by extensions ['colcon_meta']
[3.513s] Level 1:colcon.colcon_core.package_identification:_identify(.) by extension 'colcon_meta'
[3.513s] Level 1:colcon.colcon_core.package_identification:_identify(.) by extensions ['ros']
[3.513s] Level 1:colcon.colcon_core.package_identification:_identify(.) by extension 'ros'
[3.527s] Level 1:colcon.colcon_core.package_identification:_identify(.) by extensions ['cmake', 'python']
[3.527s] Level 1:colcon.colcon_core.package_identification:_identify(.) by extension 'cmake'
[3.527s] Level 1:colcon.colcon_core.package_identification:_identify(.) by extension 'python'
[3.527s] Level 1:colcon.colcon_core.package_identification:_identify(.) by extensions ['python_setup_py']
[3.527s] Level 1:colcon.colcon_core.package_identification:_identify(.) by extension 'python_setup_py'
[3.527s] Level 1:colcon.colcon_core.package_identification:_identify(build) by extensions ['ignore', 'ignore_ament_install']
[3.528s] Level 1:colcon.colcon_core.package_identification:_identify(build) by extension 'ignore'
[3.528s] Level 1:colcon.colcon_core.package_identification:_identify(build) ignored
[3.528s] Level 1:colcon.colcon_core.package_identification:_identify(install) by extensions ['ignore', 'ignore_ament_install']
[3.528s] Level 1:colcon.colcon_core.package_identification:_identify(install) by extension 'ignore'
[3.528s] Level 1:colcon.colcon_core.package_identification:_identify(install) ignored
[3.528s] Level 1:colcon.colcon_core.package_identification:_identify(log) by extensions ['ignore', 'ignore_ament_install']
[3.528s] Level 1:colcon.colcon_core.package_identification:_identify(log) by extension 'ignore'
[3.528s] Level 1:colcon.colcon_core.package_identification:_identify(log) ignored
[3.528s] Level 1:colcon.colcon_core.package_identification:_identify(src) by extensions ['ignore', 'ignore_ament_install']
[3.529s] Level 1:colcon.colcon_core.package_identification:_identify(src) by extension 'ignore'
[3.529s] Level 1:colcon.colcon_core.package_identification:_identify(src) by extension 'ignore_ament_install'
[3.529s] Level 1:colcon.colcon_core.package_identification:_identify(src) by extensions ['colcon_pkg']
[3.529s] Level 1:colcon.colcon_core.package_identification:_identify(src) by extension 'colcon_pkg'
[3.529s] Level 1:colcon.colcon_core.package_identification:_identify(src) by extensions ['colcon_meta']
[3.529s] Level 1:colcon.colcon_core.package_identification:_identify(src) by extension 'colcon_meta'
[3.529s] Level 1:colcon.colcon_core.package_identification:_identify(src) by extensions ['ros']
[3.529s] Level 1:colcon.colcon_core.package_identification:_identify(src) by extension 'ros'
[3.529s] Level 1:colcon.colcon_core.package_identification:_identify(src) by extensions ['cmake', 'python']
[3.529s] Level 1:colcon.colcon_core.package_identification:_identify(src) by extension 'cmake'
[3.529s] Level 1:colcon.colcon_core.package_identification:_identify(src) by extension 'python'
[3.529s] Level 1:colcon.colcon_core.package_identification:_identify(src) by extensions ['python_setup_py']
[3.529s] Level 1:colcon.colcon_core.package_identification:_identify(src) by extension 'python_setup_py'
[3.529s] Level 1:colcon.colcon_core.package_identification:_identify(src/ir_localization) by extensions ['ignore', 'ignore_ament_install']
[3.530s] Level 1:colcon.colcon_core.package_identification:_identify(src/ir_localization) by extension 'ignore'
[3.530s] Level 1:colcon.colcon_core.package_identification:_identify(src/ir_localization) by extension 'ignore_ament_install'
[3.530s] Level 1:colcon.colcon_core.package_identification:_identify(src/ir_localization) by extensions ['colcon_pkg']
[3.530s] Level 1:colcon.colcon_core.package_identification:_identify(src/ir_localization) by extension 'colcon_pkg'
[3.530s] Level 1:colcon.colcon_core.package_identification:_identify(src/ir_localization) by extensions ['colcon_meta']
[3.530s] Level 1:colcon.colcon_core.package_identification:_identify(src/ir_localization) by extension 'colcon_meta'
[3.530s] Level 1:colcon.colcon_core.package_identification:_identify(src/ir_localization) by extensions ['ros']
[3.530s] Level 1:colcon.colcon_core.package_identification:_identify(src/ir_localization) by extension 'ros'
[3.534s] DEBUG:colcon.colcon_core.package_identification:Package 'src/ir_localization' with type 'ros.ament_python' and name 'ir_localization'
[3.534s] Level 1:colcon.colcon_core.package_identification:_identify(src/radio_wave_localization) by extensions ['ignore', 'ignore_ament_install']
[3.534s] Level 1:colcon.colcon_core.package_identification:_identify(src/radio_wave_localization) by extension 'ignore'
[3.534s] Level 1:colcon.colcon_core.package_identification:_identify(src/radio_wave_localization) by extension 'ignore_ament_install'
[3.534s] Level 1:colcon.colcon_core.package_identification:_identify(src/radio_wave_localization) by extensions ['colcon_pkg']
[3.534s] Level 1:colcon.colcon_core.package_identification:_identify(src/radio_wave_localization) by extension 'colcon_pkg'
[3.534s] Level 1:colcon.colcon_core.package_identification:_identify(src/radio_wave_localization) by extensions ['colcon_meta']
[3.534s] Level 1:colcon.colcon_core.package_identification:_identify(src/radio_wave_localization) by extension 'colcon_meta'
[3.534s] Level 1:colcon.colcon_core.package_identification:_identify(src/radio_wave_localization) by extensions ['ros']
[3.534s] Level 1:colcon.colcon_core.package_identification:_identify(src/radio_wave_localization) by extension 'ros'
[3.535s] DEBUG:colcon.colcon_core.package_identification:Package 'src/radio_wave_localization' with type 'ros.ament_python' and name 'radio_wave_localization'
[3.535s] Level 1:colcon.colcon_core.package_identification:_identify(src/realsense_mapping) by extensions ['ignore', 'ignore_ament_install']
[3.535s] Level 1:colcon.colcon_core.package_identification:_identify(src/realsense_mapping) by extension 'ignore'
[3.535s] Level 1:colcon.colcon_core.package_identification:_identify(src/realsense_mapping) by extension 'ignore_ament_install'
[3.536s] Level 1:colcon.colcon_core.package_identification:_identify(src/realsense_mapping) by extensions ['colcon_pkg']
[3.536s] Level 1:colcon.colcon_core.package_identification:_identify(src/realsense_mapping) by extension 'colcon_pkg'
[3.536s] Level 1:colcon.colcon_core.package_identification:_identify(src/realsense_mapping) by extensions ['colcon_meta']
[3.536s] Level 1:colcon.colcon_core.package_identification:_identify(src/realsense_mapping) by extension 'colcon_meta'
[3.536s] Level 1:colcon.colcon_core.package_identification:_identify(src/realsense_mapping) by extensions ['ros']
[3.536s] Level 1:colcon.colcon_core.package_identification:_identify(src/realsense_mapping) by extension 'ros'
[3.537s] DEBUG:colcon.colcon_core.package_identification:Package 'src/realsense_mapping' with type 'ros.ament_cmake' and name 'realsense_mapping'
[3.537s] Level 1:colcon.colcon_core.package_discovery:discover_packages(recursive) using defaults
[3.537s] Level 1:colcon.colcon_core.package_discovery:discover_packages(ignore) discover
[3.537s] Level 1:colcon.colcon_core.package_discovery:discover_packages(ignore) using defaults
[3.537s] Level 1:colcon.colcon_core.package_discovery:discover_packages(path) discover
[3.537s] Level 1:colcon.colcon_core.package_discovery:discover_packages(path) using defaults
[3.856s] Level 1:colcon.colcon_core.package_discovery:discover_packages(prefix_path) check parameters
[3.857s] Level 1:colcon.colcon_core.package_discovery:discover_packages(prefix_path) discover
[3.978s] DEBUG:colcon.colcon_installed_package_information.package_discovery:Found 18 installed packages in /home/david/Desktop/lunabot-2023/install
[4.037s] DEBUG:colcon.colcon_installed_package_information.package_discovery:Found 26 installed packages in /home/david/ws_moveit2/install
[4.096s] DEBUG:colcon.colcon_installed_package_information.package_discovery:Found 386 installed packages in /opt/ros/foxy
[4.099s] Level 1:colcon.colcon_core.package_discovery:discover_packages(prefix_path) using defaults
[4.368s] Level 5:colcon.colcon_core.verb:set package 'ir_localization' build argument 'cmake_args' from command line to 'None'
[4.368s] Level 5:colcon.colcon_core.verb:set package 'ir_localization' build argument 'cmake_target' from command line to 'None'
[4.369s] Level 5:colcon.colcon_core.verb:set package 'ir_localization' build argument 'cmake_target_skip_unavailable' from command line to 'False'
[4.369s] Level 5:colcon.colcon_core.verb:set package 'ir_localization' build argument 'cmake_clean_cache' from command line to 'False'
[4.369s] Level 5:colcon.colcon_core.verb:set package 'ir_localization' build argument 'cmake_clean_first' from command line to 'False'
[4.369s] Level 5:colcon.colcon_core.verb:set package 'ir_localization' build argument 'cmake_force_configure' from command line to 'False'
[4.369s] Level 5:colcon.colcon_core.verb:set package 'ir_localization' build argument 'ament_cmake_args' from command line to 'None'
[4.369s] Level 5:colcon.colcon_core.verb:set package 'ir_localization' build argument 'catkin_cmake_args' from command line to 'None'
[4.369s] Level 5:colcon.colcon_core.verb:set package 'ir_localization' build argument 'catkin_skip_building_tests' from command line to 'False'
[4.369s] DEBUG:colcon.colcon_core.verb:Building package 'ir_localization' with the following arguments: {'ament_cmake_args': None, 'build_base': '/home/david/Desktop/infra_red_ws/build/ir_localization', 'catkin_cmake_args': None, 'catkin_skip_building_tests': False, 'cmake_args': None, 'cmake_clean_cache': False, 'cmake_clean_first': False, 'cmake_force_configure': False, 'cmake_target': None, 'cmake_target_skip_unavailable': False, 'install_base': '/home/david/Desktop/infra_red_ws/install/ir_localization', 'merge_install': False, 'path': '/home/david/Desktop/infra_red_ws/src/ir_localization', 'symlink_install': True, 'test_result_base': None}
[4.427s] Level 5:colcon.colcon_core.verb:set package 'radio_wave_localization' build argument 'cmake_args' from command line to 'None'
[4.427s] Level 5:colcon.colcon_core.verb:set package 'radio_wave_localization' build argument 'cmake_target' from command line to 'None'
[4.427s] Level 5:colcon.colcon_core.verb:set package 'radio_wave_localization' build argument 'cmake_target_skip_unavailable' from command line to 'False'
[4.427s] Level 5:colcon.colcon_core.verb:set package 'radio_wave_localization' build argument 'cmake_clean_cache' from command line to 'False'
[4.427s] Level 5:colcon.colcon_core.verb:set package 'radio_wave_localization' build argument 'cmake_clean_first' from command line to 'False'
[4.428s] Level 5:colcon.colcon_core.verb:set package 'radio_wave_localization' build argument 'cmake_force_configure' from command line to 'False'
[4.428s] Level 5:colcon.colcon_core.verb:set package 'radio_wave_localization' build argument 'ament_cmake_args' from command line to 'None'
[4.428s] Level 5:colcon.colcon_core.verb:set package 'radio_wave_localization' build argument 'catkin_cmake_args' from command line to 'None'
[4.428s] Level 5:colcon.colcon_core.verb:set package 'radio_wave_localization' build argument 'catkin_skip_building_tests' from command line to 'False'
[4.428s] DEBUG:colcon.colcon_core.verb:Building package 'radio_wave_localization' with the following arguments: {'ament_cmake_args': None, 'build_base': '/home/david/Desktop/infra_red_ws/build/radio_wave_localization', 'catkin_cmake_args': None, 'catkin_skip_building_tests': False, 'cmake_args': None, 'cmake_clean_cache': False, 'cmake_clean_first': False, 'cmake_force_configure': False, 'cmake_target': None, 'cmake_target_skip_unavailable': False, 'install_base': '/home/david/Desktop/infra_red_ws/install/radio_wave_localization', 'merge_install': False, 'path': '/home/david/Desktop/infra_red_ws/src/radio_wave_localization', 'symlink_install': True, 'test_result_base': None}
[4.486s] Level 5:colcon.colcon_core.verb:set package 'realsense_mapping' build argument 'cmake_args' from command line to 'None'
[4.486s] Level 5:colcon.colcon_core.verb:set package 'realsense_mapping' build argument 'cmake_target' from command line to 'None'
[4.486s] Level 5:colcon.colcon_core.verb:set package 'realsense_mapping' build argument 'cmake_target_skip_unavailable' from command line to 'False'
[4.486s] Level 5:colcon.colcon_core.verb:set package 'realsense_mapping' build argument 'cmake_clean_cache' from command line to 'False'
[4.486s] Level 5:colcon.colcon_core.verb:set package 'realsense_mapping' build argument 'cmake_clean_first' from command line to 'False'
[4.486s] Level 5:colcon.colcon_core.verb:set package 'realsense_mapping' build argument 'cmake_force_configure' from command line to 'False'
[4.486s] Level 5:colcon.colcon_core.verb:set package 'realsense_mapping' build argument 'ament_cmake_args' from command line to 'None'
[4.486s] Level 5:colcon.colcon_core.verb:set package 'realsense_mapping' build argument 'catkin_cmake_args' from command line to 'None'
[4.487s] Level 5:colcon.colcon_core.verb:set package 'realsense_mapping' build argument 'catkin_skip_building_tests' from command line to 'False'
[4.487s] DEBUG:colcon.colcon_core.verb:Building package 'realsense_mapping' with the following arguments: {'ament_cmake_args': None, 'build_base': '/home/david/Desktop/infra_red_ws/build/realsense_mapping', 'catkin_cmake_args': None, 'catkin_skip_building_tests': False, 'cmake_args': None, 'cmake_clean_cache': False, 'cmake_clean_first': False, 'cmake_force_configure': False, 'cmake_target': None, 'cmake_target_skip_unavailable': False, 'install_base': '/home/david/Desktop/infra_red_ws/install/realsense_mapping', 'merge_install': False, 'path': '/home/david/Desktop/infra_red_ws/src/realsense_mapping', 'symlink_install': True, 'test_result_base': None}
[4.542s] INFO:colcon.colcon_core.executor:Executing jobs using 'parallel' executor
[4.595s] DEBUG:colcon.colcon_parallel_executor.executor.parallel:run_until_complete
[4.595s] INFO:colcon.colcon_ros.task.ament_python.build:Building ROS package in '/home/david/Desktop/infra_red_ws/src/ir_localization' with build type 'ament_python'
[4.596s] Level 1:colcon.colcon_core.shell:create_environment_hook('ir_localization', 'ament_prefix_path')
[4.663s] INFO:colcon.colcon_core.plugin_system:Skipping extension 'colcon_core.shell.bat': Not used on non-Windows systems
[4.664s] INFO:colcon.colcon_core.shell:Creating environment hook '/home/david/Desktop/infra_red_ws/install/ir_localization/share/ir_localization/hook/ament_prefix_path.ps1'
[4.664s] INFO:colcon.colcon_core.shell:Creating environment descriptor '/home/david/Desktop/infra_red_ws/install/ir_localization/share/ir_localization/hook/ament_prefix_path.dsv'
[4.665s] INFO:colcon.colcon_core.shell:Creating environment hook '/home/david/Desktop/infra_red_ws/install/ir_localization/share/ir_localization/hook/ament_prefix_path.sh'
[4.720s] INFO:colcon.colcon_core.shell:Skip shell extension 'powershell' for command environment: Not usable outside of PowerShell
[4.721s] DEBUG:colcon.colcon_core.shell:Skip shell extension 'dsv' for command environment
[4.971s] INFO:colcon.colcon_ros.task.ament_python.build:Building ROS package in '/home/david/Desktop/infra_red_ws/src/radio_wave_localization' with build type 'ament_python'
[4.972s] Level 1:colcon.colcon_core.shell:create_environment_hook('radio_wave_localization', 'ament_prefix_path')
[5.035s] INFO:colcon.colcon_core.shell:Creating environment hook '/home/david/Desktop/infra_red_ws/install/radio_wave_localization/share/radio_wave_localization/hook/ament_prefix_path.ps1'
[5.036s] INFO:colcon.colcon_core.shell:Creating environment descriptor '/home/david/Desktop/infra_red_ws/install/radio_wave_localization/share/radio_wave_localization/hook/ament_prefix_path.dsv'
[5.036s] INFO:colcon.colcon_core.shell:Creating environment hook '/home/david/Desktop/infra_red_ws/install/radio_wave_localization/share/radio_wave_localization/hook/ament_prefix_path.sh'
[5.096s] INFO:colcon.colcon_core.shell:Skip shell extension 'powershell' for command environment: Not usable outside of PowerShell
[5.096s] DEBUG:colcon.colcon_core.shell:Skip shell extension 'dsv' for command environment
[5.309s] INFO:colcon.colcon_ros.task.ament_cmake.build:Building ROS package in '/home/david/Desktop/infra_red_ws/src/realsense_mapping' with build type 'ament_cmake'
[5.309s] INFO:colcon.colcon_cmake.task.cmake.build:Building CMake package in '/home/david/Desktop/infra_red_ws/src/realsense_mapping'
[5.364s] INFO:colcon.colcon_core.shell:Skip shell extension 'powershell' for command environment: Not usable outside of PowerShell
[5.364s] DEBUG:colcon.colcon_core.shell:Skip shell extension 'dsv' for command environment
[5.842s] INFO:colcon.colcon_core.task.python.build:Building Python package in '/home/david/Desktop/infra_red_ws/src/ir_localization'
[5.892s] INFO:colcon.colcon_core.shell:Skip shell extension 'powershell' for command environment: Not usable outside of PowerShell
[5.892s] DEBUG:colcon.colcon_core.shell:Skip shell extension 'dsv' for command environment
[6.358s] INFO:colcon.colcon_core.task.python.build:Building Python package in '/home/david/Desktop/infra_red_ws/src/radio_wave_localization'
[6.406s] INFO:colcon.colcon_core.shell:Skip shell extension 'powershell' for command environment: Not usable outside of PowerShell
[6.406s] DEBUG:colcon.colcon_core.shell:Skip shell extension 'dsv' for command environment
[6.648s] DEBUG:colcon.colcon_core.event_handler.log_command:Invoking command in '/home/david/Desktop/infra_red_ws/build/realsense_mapping': CMAKE_PREFIX_PATH=${CMAKE_PREFIX_PATH}:/home/david/Desktop/lunabot-2023/install/state_machine:/home/david/Desktop/lunabot-2023/install/robot_bring_up:/home/david/Desktop/lunabot-2023/install/lidar_localization:/home/david/Desktop/lunabot-2023/install/infra_red_localization:/home/david/Desktop/lunabot-2023/install/flip_base_link:/opt/ros/foxy /usr/bin/cmake --build /home/david/Desktop/infra_red_ws/build/realsense_mapping -- -j12 -l12
[6.892s] DEBUG:colcon.colcon_core.event_handler.log_command:Invoked command in '/home/david/Desktop/infra_red_ws/build/realsense_mapping' returned '0': CMAKE_PREFIX_PATH=${CMAKE_PREFIX_PATH}:/home/david/Desktop/lunabot-2023/install/state_machine:/home/david/Desktop/lunabot-2023/install/robot_bring_up:/home/david/Desktop/lunabot-2023/install/lidar_localization:/home/david/Desktop/lunabot-2023/install/infra_red_localization:/home/david/Desktop/lunabot-2023/install/flip_base_link:/opt/ros/foxy /usr/bin/cmake --build /home/david/Desktop/infra_red_ws/build/realsense_mapping -- -j12 -l12
[7.018s] DEBUG:colcon.colcon_core.event_handler.log_command:Invoking command in '/home/david/Desktop/infra_red_ws/build/realsense_mapping': CMAKE_PREFIX_PATH=${CMAKE_PREFIX_PATH}:/home/david/Desktop/lunabot-2023/install/state_machine:/home/david/Desktop/lunabot-2023/install/robot_bring_up:/home/david/Desktop/lunabot-2023/install/lidar_localization:/home/david/Desktop/lunabot-2023/install/infra_red_localization:/home/david/Desktop/lunabot-2023/install/flip_base_link:/opt/ros/foxy /usr/bin/cmake --install /home/david/Desktop/infra_red_ws/build/realsense_mapping
[7.117s] Level 1:colcon.colcon_core.environment:create_environment_scripts_only(realsense_mapping)
[7.118s] DEBUG:colcon.colcon_core.event_handler.log_command:Invoked command in '/home/david/Desktop/infra_red_ws/build/realsense_mapping' returned '0': CMAKE_PREFIX_PATH=${CMAKE_PREFIX_PATH}:/home/david/Desktop/lunabot-2023/install/state_machine:/home/david/Desktop/lunabot-2023/install/robot_bring_up:/home/david/Desktop/lunabot-2023/install/lidar_localization:/home/david/Desktop/lunabot-2023/install/infra_red_localization:/home/david/Desktop/lunabot-2023/install/flip_base_link:/opt/ros/foxy /usr/bin/cmake --install /home/david/Desktop/infra_red_ws/build/realsense_mapping
[7.271s] Level 1:colcon.colcon_core.environment:checking '/home/david/Desktop/infra_red_ws/install/realsense_mapping' for CMake module files
[7.272s] Level 1:colcon.colcon_core.environment:checking '/home/david/Desktop/infra_red_ws/install/realsense_mapping' for CMake config files
[7.273s] Level 1:colcon.colcon_core.shell:create_environment_hook('realsense_mapping', 'cmake_prefix_path')
[7.385s] INFO:colcon.colcon_core.shell:Creating environment hook '/home/david/Desktop/infra_red_ws/install/realsense_mapping/share/realsense_mapping/hook/cmake_prefix_path.ps1'
[7.386s] INFO:colcon.colcon_core.shell:Creating environment descriptor '/home/david/Desktop/infra_red_ws/install/realsense_mapping/share/realsense_mapping/hook/cmake_prefix_path.dsv'
[7.387s] INFO:colcon.colcon_core.shell:Creating environment hook '/home/david/Desktop/infra_red_ws/install/realsense_mapping/share/realsense_mapping/hook/cmake_prefix_path.sh'
[7.388s] Level 1:colcon.colcon_core.environment:checking '/home/david/Desktop/infra_red_ws/install/realsense_mapping/lib'
[7.389s] Level 1:colcon.colcon_core.environment:checking '/home/david/Desktop/infra_red_ws/install/realsense_mapping/bin'
[7.389s] Level 1:colcon.colcon_core.environment:checking '/home/david/Desktop/infra_red_ws/install/realsense_mapping/lib/pkgconfig/realsense_mapping.pc'
[7.389s] Level 1:colcon.colcon_core.environment:checking '/home/david/Desktop/infra_red_ws/install/realsense_mapping/lib/python3.8/site-packages'
[7.390s] Level 1:colcon.colcon_core.environment:checking '/home/david/Desktop/infra_red_ws/install/realsense_mapping/bin'
[7.502s] INFO:colcon.colcon_core.shell:Creating package script '/home/david/Desktop/infra_red_ws/install/realsense_mapping/share/realsense_mapping/package.ps1'
[7.504s] INFO:colcon.colcon_core.shell:Creating package descriptor '/home/david/Desktop/infra_red_ws/install/realsense_mapping/share/realsense_mapping/package.dsv'
[7.505s] INFO:colcon.colcon_core.shell:Creating package script '/home/david/Desktop/infra_red_ws/install/realsense_mapping/share/realsense_mapping/package.sh'
[7.507s] INFO:colcon.colcon_core.shell:Creating package script '/home/david/Desktop/infra_red_ws/install/realsense_mapping/share/realsense_mapping/package.bash'
[7.509s] INFO:colcon.colcon_core.shell:Creating package script '/home/david/Desktop/infra_red_ws/install/realsense_mapping/share/realsense_mapping/package.zsh'
[7.510s] Level 1:colcon.colcon_core.environment:create_file_with_runtime_dependencies(/home/david/Desktop/infra_red_ws/install/realsense_mapping/share/colcon-core/packages/realsense_mapping)
[7.728s] Level 1:colcon.colcon_core.environment:create_environment_scripts_only(realsense_mapping)
[7.787s] Level 1:colcon.colcon_core.environment:checking '/home/david/Desktop/infra_red_ws/install/realsense_mapping' for CMake module files
[7.788s] Level 1:colcon.colcon_core.environment:checking '/home/david/Desktop/infra_red_ws/install/realsense_mapping' for CMake config files
[7.788s] Level 1:colcon.colcon_core.shell:create_environment_hook('realsense_mapping', 'cmake_prefix_path')
[7.840s] INFO:colcon.colcon_core.shell:Creating environment hook '/home/david/Desktop/infra_red_ws/install/realsense_mapping/share/realsense_mapping/hook/cmake_prefix_path.ps1'
[7.840s] INFO:colcon.colcon_core.shell:Creating environment descriptor '/home/david/Desktop/infra_red_ws/install/realsense_mapping/share/realsense_mapping/hook/cmake_prefix_path.dsv'
[7.841s] INFO:colcon.colcon_core.shell:Creating environment hook '/home/david/Desktop/infra_red_ws/install/realsense_mapping/share/realsense_mapping/hook/cmake_prefix_path.sh'
[7.842s] Level 1:colcon.colcon_core.environment:checking '/home/david/Desktop/infra_red_ws/install/realsense_mapping/lib'
[7.842s] Level 1:colcon.colcon_core.environment:checking '/home/david/Desktop/infra_red_ws/install/realsense_mapping/bin'
[7.842s] Level 1:colcon.colcon_core.environment:checking '/home/david/Desktop/infra_red_ws/install/realsense_mapping/lib/pkgconfig/realsense_mapping.pc'
[7.843s] Level 1:colcon.colcon_core.environment:checking '/home/david/Desktop/infra_red_ws/install/realsense_mapping/lib/python3.8/site-packages'
[7.843s] Level 1:colcon.colcon_core.environment:checking '/home/david/Desktop/infra_red_ws/install/realsense_mapping/bin'
[7.902s] INFO:colcon.colcon_core.shell:Creating package script '/home/david/Desktop/infra_red_ws/install/realsense_mapping/share/realsense_mapping/package.ps1'
[7.902s] INFO:colcon.colcon_core.shell:Creating package descriptor '/home/david/Desktop/infra_red_ws/install/realsense_mapping/share/realsense_mapping/package.dsv'
[7.903s] INFO:colcon.colcon_core.shell:Creating package script '/home/david/Desktop/infra_red_ws/install/realsense_mapping/share/realsense_mapping/package.sh'
[7.903s] INFO:colcon.colcon_core.shell:Creating package script '/home/david/Desktop/infra_red_ws/install/realsense_mapping/share/realsense_mapping/package.bash'
[7.904s] INFO:colcon.colcon_core.shell:Creating package script '/home/david/Desktop/infra_red_ws/install/realsense_mapping/share/realsense_mapping/package.zsh'
[7.904s] Level 1:colcon.colcon_core.environment:create_file_with_runtime_dependencies(/home/david/Desktop/infra_red_ws/install/realsense_mapping/share/colcon-core/packages/realsense_mapping)
[7.912s] DEBUG:colcon.colcon_core.event_handler.log_command:Invoking command in '/home/david/Desktop/infra_red_ws/build/radio_wave_localization': PYTHONPATH=/home/david/Desktop/infra_red_ws/build/radio_wave_localization/prefix_override:/home/david/Desktop/infra_red_ws/install/radio_wave_localization/lib/python3.8/site-packages:${PYTHONPATH} /usr/bin/python3 setup.py develop --editable --build-directory /home/david/Desktop/infra_red_ws/build/radio_wave_localization/build --no-deps install_data
[7.919s] DEBUG:colcon.colcon_core.event_handler.log_command:Invoking command in '/home/david/Desktop/infra_red_ws/build/ir_localization': PYTHONPATH=/home/david/Desktop/infra_red_ws/build/ir_localization/prefix_override:/home/david/Desktop/infra_red_ws/install/ir_localization/lib/python3.8/site-packages:${PYTHONPATH} /usr/bin/python3 setup.py develop --editable --build-directory /home/david/Desktop/infra_red_ws/build/ir_localization/build --no-deps install_data
[8.596s] Level 1:colcon.colcon_core.shell:create_environment_hook('radio_wave_localization', 'pythonpath_develop')
[8.597s] DEBUG:colcon.colcon_core.event_handler.log_command:Invoked command in '/home/david/Desktop/infra_red_ws/build/radio_wave_localization' returned '0': PYTHONPATH=/home/david/Desktop/infra_red_ws/build/radio_wave_localization/prefix_override:/home/david/Desktop/infra_red_ws/install/radio_wave_localization/lib/python3.8/site-packages:${PYTHONPATH} /usr/bin/python3 setup.py develop --editable --build-directory /home/david/Desktop/infra_red_ws/build/radio_wave_localization/build --no-deps install_data
[8.685s] INFO:colcon.colcon_core.shell:Creating environment hook '/home/david/Desktop/infra_red_ws/build/radio_wave_localization/share/radio_wave_localization/hook/pythonpath_develop.ps1'
[8.686s] INFO:colcon.colcon_core.shell:Creating environment descriptor '/home/david/Desktop/infra_red_ws/build/radio_wave_localization/share/radio_wave_localization/hook/pythonpath_develop.dsv'
[8.686s] INFO:colcon.colcon_core.shell:Creating environment hook '/home/david/Desktop/infra_red_ws/build/radio_wave_localization/share/radio_wave_localization/hook/pythonpath_develop.sh'
[8.747s] Level 1:colcon.colcon_core.environment:checking '/home/david/Desktop/infra_red_ws/install/radio_wave_localization' for CMake module files
[8.748s] Level 1:colcon.colcon_core.environment:checking '/home/david/Desktop/infra_red_ws/install/radio_wave_localization' for CMake config files
[8.749s] Level 1:colcon.colcon_core.environment:checking '/home/david/Desktop/infra_red_ws/install/radio_wave_localization/lib'
[8.749s] Level 1:colcon.colcon_core.environment:checking '/home/david/Desktop/infra_red_ws/install/radio_wave_localization/bin'
[8.749s] Level 1:colcon.colcon_core.environment:checking '/home/david/Desktop/infra_red_ws/install/radio_wave_localization/lib/pkgconfig/radio_wave_localization.pc'
[8.749s] Level 1:colcon.colcon_core.environment:checking '/home/david/Desktop/infra_red_ws/install/radio_wave_localization/lib/python3.8/site-packages'
[8.749s] Level 1:colcon.colcon_core.shell:create_environment_hook('radio_wave_localization', 'pythonpath')
[8.814s] INFO:colcon.colcon_core.shell:Creating environment hook '/home/david/Desktop/infra_red_ws/install/radio_wave_localization/share/radio_wave_localization/hook/pythonpath.ps1'
[8.814s] INFO:colcon.colcon_core.shell:Creating environment descriptor '/home/david/Desktop/infra_red_ws/install/radio_wave_localization/share/radio_wave_localization/hook/pythonpath.dsv'
[8.815s] INFO:colcon.colcon_core.shell:Creating environment hook '/home/david/Desktop/infra_red_ws/install/radio_wave_localization/share/radio_wave_localization/hook/pythonpath.sh'
[8.815s] Level 1:colcon.colcon_core.environment:checking '/home/david/Desktop/infra_red_ws/install/radio_wave_localization/bin'
[8.816s] Level 1:colcon.colcon_core.environment:create_environment_scripts_only(radio_wave_localization)
[8.877s] INFO:colcon.colcon_core.shell:Creating package script '/home/david/Desktop/infra_red_ws/install/radio_wave_localization/share/radio_wave_localization/package.ps1'
[8.878s] INFO:colcon.colcon_core.shell:Creating package descriptor '/home/david/Desktop/infra_red_ws/install/radio_wave_localization/share/radio_wave_localization/package.dsv'
[8.878s] INFO:colcon.colcon_core.shell:Creating package script '/home/david/Desktop/infra_red_ws/install/radio_wave_localization/share/radio_wave_localization/package.sh'
[8.879s] INFO:colcon.colcon_core.shell:Creating package script '/home/david/Desktop/infra_red_ws/install/radio_wave_localization/share/radio_wave_localization/package.bash'
[8.879s] INFO:colcon.colcon_core.shell:Creating package script '/home/david/Desktop/infra_red_ws/install/radio_wave_localization/share/radio_wave_localization/package.zsh'
[8.880s] Level 1:colcon.colcon_core.environment:create_file_with_runtime_dependencies(/home/david/Desktop/infra_red_ws/install/radio_wave_localization/share/colcon-core/packages/radio_wave_localization)
[8.882s] Level 1:colcon.colcon_core.shell:create_environment_hook('ir_localization', 'pythonpath_develop')
[8.882s] DEBUG:colcon.colcon_core.event_handler.log_command:Invoked command in '/home/david/Desktop/infra_red_ws/build/ir_localization' returned '0': PYTHONPATH=/home/david/Desktop/infra_red_ws/build/ir_localization/prefix_override:/home/david/Desktop/infra_red_ws/install/ir_localization/lib/python3.8/site-packages:${PYTHONPATH} /usr/bin/python3 setup.py develop --editable --build-directory /home/david/Desktop/infra_red_ws/build/ir_localization/build --no-deps install_data
[8.944s] INFO:colcon.colcon_core.shell:Creating environment hook '/home/david/Desktop/infra_red_ws/build/ir_localization/share/ir_localization/hook/pythonpath_develop.ps1'
[8.945s] INFO:colcon.colcon_core.shell:Creating environment descriptor '/home/david/Desktop/infra_red_ws/build/ir_localization/share/ir_localization/hook/pythonpath_develop.dsv'
[8.945s] INFO:colcon.colcon_core.shell:Creating environment hook '/home/david/Desktop/infra_red_ws/build/ir_localization/share/ir_localization/hook/pythonpath_develop.sh'
[9.007s] Level 1:colcon.colcon_core.environment:checking '/home/david/Desktop/infra_red_ws/install/ir_localization' for CMake module files
[9.008s] Level 1:colcon.colcon_core.environment:checking '/home/david/Desktop/infra_red_ws/install/ir_localization' for CMake config files
[9.008s] Level 1:colcon.colcon_core.environment:checking '/home/david/Desktop/infra_red_ws/install/ir_localization/lib'
[9.008s] Level 1:colcon.colcon_core.environment:checking '/home/david/Desktop/infra_red_ws/install/ir_localization/bin'
[9.008s] Level 1:colcon.colcon_core.environment:checking '/home/david/Desktop/infra_red_ws/install/ir_localization/lib/pkgconfig/ir_localization.pc'
[9.009s] Level 1:colcon.colcon_core.environment:checking '/home/david/Desktop/infra_red_ws/install/ir_localization/lib/python3.8/site-packages'
[9.009s] Level 1:colcon.colcon_core.shell:create_environment_hook('ir_localization', 'pythonpath')
[9.070s] INFO:colcon.colcon_core.shell:Creating environment hook '/home/david/Desktop/infra_red_ws/install/ir_localization/share/ir_localization/hook/pythonpath.ps1'
[9.071s] INFO:colcon.colcon_core.shell:Creating environment descriptor '/home/david/Desktop/infra_red_ws/install/ir_localization/share/ir_localization/hook/pythonpath.dsv'
[9.071s] INFO:colcon.colcon_core.shell:Creating environment hook '/home/david/Desktop/infra_red_ws/install/ir_localization/share/ir_localization/hook/pythonpath.sh'
[9.072s] Level 1:colcon.colcon_core.environment:checking '/home/david/Desktop/infra_red_ws/install/ir_localization/bin'
[9.072s] Level 1:colcon.colcon_core.environment:create_environment_scripts_only(ir_localization)
[9.134s] INFO:colcon.colcon_core.shell:Creating package script '/home/david/Desktop/infra_red_ws/install/ir_localization/share/ir_localization/package.ps1'
[9.135s] INFO:colcon.colcon_core.shell:Creating package descriptor '/home/david/Desktop/infra_red_ws/install/ir_localization/share/ir_localization/package.dsv'
[9.135s] INFO:colcon.colcon_core.shell:Creating package script '/home/david/Desktop/infra_red_ws/install/ir_localization/share/ir_localization/package.sh'
[9.136s] INFO:colcon.colcon_core.shell:Creating package script '/home/david/Desktop/infra_red_ws/install/ir_localization/share/ir_localization/package.bash'
[9.136s] INFO:colcon.colcon_core.shell:Creating package script '/home/david/Desktop/infra_red_ws/install/ir_localization/share/ir_localization/package.zsh'
[9.137s] Level 1:colcon.colcon_core.environment:create_file_with_runtime_dependencies(/home/david/Desktop/infra_red_ws/install/ir_localization/share/colcon-core/packages/ir_localization)
[9.137s] DEBUG:colcon.colcon_parallel_executor.executor.parallel:closing loop
[9.137s] DEBUG:colcon.colcon_parallel_executor.executor.parallel:loop closed
[9.137s] DEBUG:colcon.colcon_parallel_executor.executor.parallel:run_until_complete finished with '0'
[9.138s] DEBUG:colcon.colcon_core.event_reactor:joining thread
[9.208s] INFO:colcon.colcon_core.plugin_system:Skipping extension 'colcon_notification.desktop_notification.terminal_notifier': Not used on non-Darwin systems
[9.208s] INFO:colcon.colcon_core.plugin_system:Skipping extension 'colcon_notification.desktop_notification.win32': Not used on non-Windows systems
[9.208s] INFO:colcon.colcon_notification.desktop_notification:Sending desktop notification using 'notify2'
[9.227s] DEBUG:colcon.colcon_core.event_reactor:joined thread
[9.290s] INFO:colcon.colcon_core.shell:Creating prefix script '/home/david/Desktop/infra_red_ws/install/local_setup.ps1'
[9.292s] INFO:colcon.colcon_core.shell:Creating prefix util module '/home/david/Desktop/infra_red_ws/install/_local_setup_util_ps1.py'
[9.294s] INFO:colcon.colcon_core.shell:Creating prefix chain script '/home/david/Desktop/infra_red_ws/install/setup.ps1'
[9.360s] INFO:colcon.colcon_core.shell:Creating prefix script '/home/david/Desktop/infra_red_ws/install/local_setup.sh'
[9.361s] INFO:colcon.colcon_core.shell:Creating prefix util module '/home/david/Desktop/infra_red_ws/install/_local_setup_util_sh.py'
[9.361s] INFO:colcon.colcon_core.shell:Creating prefix chain script '/home/david/Desktop/infra_red_ws/install/setup.sh'
[9.426s] INFO:colcon.colcon_core.shell:Creating prefix script '/home/david/Desktop/infra_red_ws/install/local_setup.bash'
[9.427s] INFO:colcon.colcon_core.shell:Creating prefix chain script '/home/david/Desktop/infra_red_ws/install/setup.bash'
[9.492s] INFO:colcon.colcon_core.shell:Creating prefix script '/home/david/Desktop/infra_red_ws/install/local_setup.zsh'
[9.493s] INFO:colcon.colcon_core.shell:Creating prefix chain script '/home/david/Desktop/infra_red_ws/install/setup.zsh'
