running develop
running egg_info
creating radio_wave_localization.egg-info
writing radio_wave_localization.egg-info/PKG-INFO
writing dependency_links to radio_wave_localization.egg-info/dependency_links.txt
writing entry points to radio_wave_localization.egg-info/entry_points.txt
writing requirements to radio_wave_localization.egg-info/requires.txt
writing top-level names to radio_wave_localization.egg-info/top_level.txt
writing manifest file 'radio_wave_localization.egg-info/SOURCES.txt'
reading manifest file 'radio_wave_localization.egg-info/SOURCES.txt'
writing manifest file 'radio_wave_localization.egg-info/SOURCES.txt'
running build_ext
Creating /home/david/Desktop/infra_red_ws/install/radio_wave_localization/lib/python3.8/site-packages/site.py
Creating /home/david/Desktop/infra_red_ws/install/radio_wave_localization/lib/python3.8/site-packages/radio-wave-localization.egg-link (link to .)

Installed /home/david/Desktop/infra_red_ws/build/radio_wave_localization
running install_data
creating /home/david/Desktop/infra_red_ws/install/radio_wave_localization/share/ament_index
creating /home/david/Desktop/infra_red_ws/install/radio_wave_localization/share/ament_index/resource_index
creating /home/david/Desktop/infra_red_ws/install/radio_wave_localization/share/ament_index/resource_index/packages
copying resource/radio_wave_localization -> /home/david/Desktop/infra_red_ws/install/radio_wave_localization/share/ament_index/resource_index/packages
copying package.xml -> /home/david/Desktop/infra_red_ws/install/radio_wave_localization/share/radio_wave_localization
