[1.336s] Invoking command in '/home/david/Desktop/infra_red_ws/build/realsense_mapping': CMAKE_PREFIX_PATH=${CMAKE_PREFIX_PATH}:/home/david/Desktop/lunabot-2023/install/state_machine:/home/david/Desktop/lunabot-2023/install/robot_bring_up:/home/david/Desktop/lunabot-2023/install/lidar_localization:/home/david/Desktop/lunabot-2023/install/infra_red_localization:/home/david/Desktop/lunabot-2023/install/flip_base_link:/opt/ros/foxy /usr/bin/cmake --build /home/david/Desktop/infra_red_ws/build/realsense_mapping -- -j12 -l12
[1.547s] [100%] Built target cam_publisher
[1.582s] Invoked command in '/home/david/Desktop/infra_red_ws/build/realsense_mapping' returned '0': CMAKE_PREFIX_PATH=${CMAKE_PREFIX_PATH}:/home/david/Desktop/lunabot-2023/install/state_machine:/home/david/Desktop/lunabot-2023/install/robot_bring_up:/home/david/Desktop/lunabot-2023/install/lidar_localization:/home/david/Desktop/lunabot-2023/install/infra_red_localization:/home/david/Desktop/lunabot-2023/install/flip_base_link:/opt/ros/foxy /usr/bin/cmake --build /home/david/Desktop/infra_red_ws/build/realsense_mapping -- -j12 -l12
[1.708s] Invoking command in '/home/david/Desktop/infra_red_ws/build/realsense_mapping': CMAKE_PREFIX_PATH=${CMAKE_PREFIX_PATH}:/home/david/Desktop/lunabot-2023/install/state_machine:/home/david/Desktop/lunabot-2023/install/robot_bring_up:/home/david/Desktop/lunabot-2023/install/lidar_localization:/home/david/Desktop/lunabot-2023/install/infra_red_localization:/home/david/Desktop/lunabot-2023/install/flip_base_link:/opt/ros/foxy /usr/bin/cmake --install /home/david/Desktop/infra_red_ws/build/realsense_mapping
[1.740s] -- Install configuration: ""
[1.742s] -- Execute custom install script
[1.744s] -- Up-to-date symlink: /home/david/Desktop/infra_red_ws/install/realsense_mapping/share/realsense_mapping/realsense_launch/base_link_to_camera_link.launch.py
[1.745s] -- Up-to-date symlink: /home/david/Desktop/infra_red_ws/install/realsense_mapping/share/realsense_mapping/realsense_launch/base_link_to_camera_link2.launch.py
[1.746s] -- Up-to-date symlink: /home/david/Desktop/infra_red_ws/install/realsense_mapping/share/realsense_mapping/realsense_launch/depthimage_to_laserscan.launch.py
[1.746s] -- Up-to-date symlink: /home/david/Desktop/infra_red_ws/install/realsense_mapping/share/realsense_mapping/realsense_launch/realsense.launch.py
[1.747s] -- Up-to-date symlink: /home/david/Desktop/infra_red_ws/install/realsense_mapping/share/realsense_mapping/realsense_launch/realsense2.launch.py
[1.749s] -- Up-to-date symlink: /home/david/Desktop/infra_red_ws/install/realsense_mapping/share/realsense_mapping/rtabmap_launch/cam_publisher.launch.py
[1.750s] -- Up-to-date symlink: /home/david/Desktop/infra_red_ws/install/realsense_mapping/share/realsense_mapping/rtabmap_launch/lidar_localization_rtabmap.launch.py
[1.751s] -- Up-to-date symlink: /home/david/Desktop/infra_red_ws/install/realsense_mapping/share/realsense_mapping/rtabmap_launch/standard_realsense_rtabmap_launch.xml
[1.752s] -- Up-to-date symlink: /home/david/Desktop/infra_red_ws/install/realsense_mapping/share/realsense_mapping/rtabmap_launch/standard_rtabmap.launch.py
[1.753s] -- Up-to-date symlink: /home/david/Desktop/infra_red_ws/install/realsense_mapping/share/realsense_mapping/rtabmap_launch/standard_rtabmap_backward.launch.py
[1.754s] -- Up-to-date symlink: /home/david/Desktop/infra_red_ws/install/realsense_mapping/share/realsense_mapping/rtabmap_launch/standard_two_realsense_rtabmap.launch.py
[1.754s] -- Up-to-date symlink: /home/david/Desktop/infra_red_ws/install/realsense_mapping/share/realsense_mapping/rtabmap_launch/standard_two_realsense_rtabmap_launch.xml
[1.755s] -- Up-to-date symlink: /home/david/Desktop/infra_red_ws/install/realsense_mapping/share/realsense_mapping/rtabmap_launch/standard_two_realsense_rtabmap_lidar_launch.xml
[1.757s] -- Up-to-date symlink: /home/david/Desktop/infra_red_ws/install/realsense_mapping/share/realsense_mapping/config/param.yaml
[1.758s] -- Up-to-date symlink: /home/david/Desktop/infra_red_ws/install/realsense_mapping/share/realsense_mapping/config/realsense_params.yaml
[1.760s] -- Up-to-date symlink: /home/david/Desktop/infra_red_ws/install/realsense_mapping/lib/realsense_mapping/cam_publisher
[1.761s] -- Up-to-date symlink: /home/david/Desktop/infra_red_ws/install/realsense_mapping/share/ament_index/resource_index/package_run_dependencies/realsense_mapping
[1.762s] -- Up-to-date symlink: /home/david/Desktop/infra_red_ws/install/realsense_mapping/share/ament_index/resource_index/parent_prefix_path/realsense_mapping
[1.763s] -- Up-to-date symlink: /home/david/Desktop/infra_red_ws/install/realsense_mapping/share/realsense_mapping/environment/ament_prefix_path.sh
[1.764s] -- Up-to-date symlink: /home/david/Desktop/infra_red_ws/install/realsense_mapping/share/realsense_mapping/environment/ament_prefix_path.dsv
[1.765s] -- Up-to-date symlink: /home/david/Desktop/infra_red_ws/install/realsense_mapping/share/realsense_mapping/environment/path.sh
[1.766s] -- Up-to-date symlink: /home/david/Desktop/infra_red_ws/install/realsense_mapping/share/realsense_mapping/environment/path.dsv
[1.767s] -- Up-to-date symlink: /home/david/Desktop/infra_red_ws/install/realsense_mapping/share/realsense_mapping/local_setup.bash
[1.768s] -- Up-to-date symlink: /home/david/Desktop/infra_red_ws/install/realsense_mapping/share/realsense_mapping/local_setup.sh
[1.770s] -- Up-to-date symlink: /home/david/Desktop/infra_red_ws/install/realsense_mapping/share/realsense_mapping/local_setup.zsh
[1.771s] -- Up-to-date symlink: /home/david/Desktop/infra_red_ws/install/realsense_mapping/share/realsense_mapping/local_setup.dsv
[1.771s] -- Symlinking: /home/david/Desktop/infra_red_ws/install/realsense_mapping/share/realsense_mapping/package.dsv
[1.801s] -- Up-to-date symlink: /home/david/Desktop/infra_red_ws/install/realsense_mapping/share/ament_index/resource_index/packages/realsense_mapping
[1.802s] -- Up-to-date symlink: /home/david/Desktop/infra_red_ws/install/realsense_mapping/share/realsense_mapping/cmake/realsense_mappingConfig.cmake
[1.803s] -- Up-to-date symlink: /home/david/Desktop/infra_red_ws/install/realsense_mapping/share/realsense_mapping/cmake/realsense_mappingConfig-version.cmake
[1.804s] -- Up-to-date symlink: /home/david/Desktop/infra_red_ws/install/realsense_mapping/share/realsense_mapping/package.xml
[1.808s] Invoked command in '/home/david/Desktop/infra_red_ws/build/realsense_mapping' returned '0': CMAKE_PREFIX_PATH=${CMAKE_PREFIX_PATH}:/home/david/Desktop/lunabot-2023/install/state_machine:/home/david/Desktop/lunabot-2023/install/robot_bring_up:/home/david/Desktop/lunabot-2023/install/lidar_localization:/home/david/Desktop/lunabot-2023/install/infra_red_localization:/home/david/Desktop/lunabot-2023/install/flip_base_link:/opt/ros/foxy /usr/bin/cmake --install /home/david/Desktop/infra_red_ws/build/realsense_mapping
