[0.688s] Invoking command in '/home/david/Desktop/infra_red_ws/build/realsense_mapping': CMAKE_PREFIX_PATH=${CMAKE_PREFIX_PATH}:/home/david/Desktop/lunabot-2023/install/infra_red_localization:/home/david/Desktop/lunabot-2023/install/state_machine:/home/david/Desktop/lunabot-2023/install/robot_bring_up:/home/david/Desktop/lunabot-2023/install/lidar_localization:/home/david/Desktop/lunabot-2023/install/flip_base_link:/opt/ros/foxy /usr/bin/cmake --build /home/david/Desktop/infra_red_ws/build/realsense_mapping -- -j12 -l12
[0.771s] [100%] Built target cam_publisher
[0.785s] Invoked command in '/home/david/Desktop/infra_red_ws/build/realsense_mapping' returned '0': CMAKE_PREFIX_PATH=${CMAKE_PREFIX_PATH}:/home/david/Desktop/lunabot-2023/install/infra_red_localization:/home/david/Desktop/lunabot-2023/install/state_machine:/home/david/Desktop/lunabot-2023/install/robot_bring_up:/home/david/Desktop/lunabot-2023/install/lidar_localization:/home/david/Desktop/lunabot-2023/install/flip_base_link:/opt/ros/foxy /usr/bin/cmake --build /home/david/Desktop/infra_red_ws/build/realsense_mapping -- -j12 -l12
[0.834s] Invoking command in '/home/david/Desktop/infra_red_ws/build/realsense_mapping': CMAKE_PREFIX_PATH=${CMAKE_PREFIX_PATH}:/home/david/Desktop/lunabot-2023/install/infra_red_localization:/home/david/Desktop/lunabot-2023/install/state_machine:/home/david/Desktop/lunabot-2023/install/robot_bring_up:/home/david/Desktop/lunabot-2023/install/lidar_localization:/home/david/Desktop/lunabot-2023/install/flip_base_link:/opt/ros/foxy /usr/bin/cmake --install /home/david/Desktop/infra_red_ws/build/realsense_mapping
[0.844s] -- Install configuration: ""
[0.844s] -- Execute custom install script
[0.845s] -- Up-to-date symlink: /home/david/Desktop/infra_red_ws/install/realsense_mapping/share/realsense_mapping/realsense_launch/base_link_to_camera_link.launch.py
[0.845s] -- Up-to-date symlink: /home/david/Desktop/infra_red_ws/install/realsense_mapping/share/realsense_mapping/realsense_launch/base_link_to_camera_link2.launch.py
[0.846s] -- Up-to-date symlink: /home/david/Desktop/infra_red_ws/install/realsense_mapping/share/realsense_mapping/realsense_launch/depthimage_to_laserscan.launch.py
[0.846s] -- Up-to-date symlink: /home/david/Desktop/infra_red_ws/install/realsense_mapping/share/realsense_mapping/realsense_launch/realsense.launch.py
[0.846s] -- Up-to-date symlink: /home/david/Desktop/infra_red_ws/install/realsense_mapping/share/realsense_mapping/realsense_launch/realsense2.launch.py
[0.847s] -- Up-to-date symlink: /home/david/Desktop/infra_red_ws/install/realsense_mapping/share/realsense_mapping/rtabmap_launch/cam_publisher.launch.py
[0.847s] -- Up-to-date symlink: /home/david/Desktop/infra_red_ws/install/realsense_mapping/share/realsense_mapping/rtabmap_launch/lidar_localization_rtabmap.launch.py
[0.847s] -- Up-to-date symlink: /home/david/Desktop/infra_red_ws/install/realsense_mapping/share/realsense_mapping/rtabmap_launch/standard_realsense_rtabmap_launch.xml
[0.848s] -- Up-to-date symlink: /home/david/Desktop/infra_red_ws/install/realsense_mapping/share/realsense_mapping/rtabmap_launch/standard_rtabmap.launch.py
[0.848s] -- Up-to-date symlink: /home/david/Desktop/infra_red_ws/install/realsense_mapping/share/realsense_mapping/rtabmap_launch/standard_rtabmap_backward.launch.py
[0.848s] -- Up-to-date symlink: /home/david/Desktop/infra_red_ws/install/realsense_mapping/share/realsense_mapping/rtabmap_launch/standard_two_realsense_rtabmap.launch.py
[0.849s] -- Up-to-date symlink: /home/david/Desktop/infra_red_ws/install/realsense_mapping/share/realsense_mapping/rtabmap_launch/standard_two_realsense_rtabmap_launch.xml
[0.849s] -- Up-to-date symlink: /home/david/Desktop/infra_red_ws/install/realsense_mapping/share/realsense_mapping/rtabmap_launch/standard_two_realsense_rtabmap_lidar_launch.xml
[0.850s] -- Up-to-date symlink: /home/david/Desktop/infra_red_ws/install/realsense_mapping/share/realsense_mapping/config/param.yaml
[0.850s] -- Up-to-date symlink: /home/david/Desktop/infra_red_ws/install/realsense_mapping/share/realsense_mapping/config/realsense_params.yaml
[0.850s] -- Up-to-date symlink: /home/david/Desktop/infra_red_ws/install/realsense_mapping/lib/realsense_mapping/cam_publisher
[0.851s] -- Up-to-date symlink: /home/david/Desktop/infra_red_ws/install/realsense_mapping/share/ament_index/resource_index/package_run_dependencies/realsense_mapping
[0.851s] -- Up-to-date symlink: /home/david/Desktop/infra_red_ws/install/realsense_mapping/share/ament_index/resource_index/parent_prefix_path/realsense_mapping
[0.851s] -- Up-to-date symlink: /home/david/Desktop/infra_red_ws/install/realsense_mapping/share/realsense_mapping/environment/ament_prefix_path.sh
[0.852s] -- Up-to-date symlink: /home/david/Desktop/infra_red_ws/install/realsense_mapping/share/realsense_mapping/environment/ament_prefix_path.dsv
[0.852s] -- Up-to-date symlink: /home/david/Desktop/infra_red_ws/install/realsense_mapping/share/realsense_mapping/environment/path.sh
[0.852s] -- Up-to-date symlink: /home/david/Desktop/infra_red_ws/install/realsense_mapping/share/realsense_mapping/environment/path.dsv
[0.853s] -- Up-to-date symlink: /home/david/Desktop/infra_red_ws/install/realsense_mapping/share/realsense_mapping/local_setup.bash
[0.853s] -- Up-to-date symlink: /home/david/Desktop/infra_red_ws/install/realsense_mapping/share/realsense_mapping/local_setup.sh
[0.853s] -- Up-to-date symlink: /home/david/Desktop/infra_red_ws/install/realsense_mapping/share/realsense_mapping/local_setup.zsh
[0.853s] -- Up-to-date symlink: /home/david/Desktop/infra_red_ws/install/realsense_mapping/share/realsense_mapping/local_setup.dsv
[0.854s] -- Symlinking: /home/david/Desktop/infra_red_ws/install/realsense_mapping/share/realsense_mapping/package.dsv
[0.865s] -- Up-to-date symlink: /home/david/Desktop/infra_red_ws/install/realsense_mapping/share/ament_index/resource_index/packages/realsense_mapping
[0.865s] -- Up-to-date symlink: /home/david/Desktop/infra_red_ws/install/realsense_mapping/share/realsense_mapping/cmake/realsense_mappingConfig.cmake
[0.865s] -- Up-to-date symlink: /home/david/Desktop/infra_red_ws/install/realsense_mapping/share/realsense_mapping/cmake/realsense_mappingConfig-version.cmake
[0.865s] -- Up-to-date symlink: /home/david/Desktop/infra_red_ws/install/realsense_mapping/share/realsense_mapping/package.xml
[0.867s] Invoked command in '/home/david/Desktop/infra_red_ws/build/realsense_mapping' returned '0': CMAKE_PREFIX_PATH=${CMAKE_PREFIX_PATH}:/home/david/Desktop/lunabot-2023/install/infra_red_localization:/home/david/Desktop/lunabot-2023/install/state_machine:/home/david/Desktop/lunabot-2023/install/robot_bring_up:/home/david/Desktop/lunabot-2023/install/lidar_localization:/home/david/Desktop/lunabot-2023/install/flip_base_link:/opt/ros/foxy /usr/bin/cmake --install /home/david/Desktop/infra_red_ws/build/realsense_mapping
