[2.169s] DEBUG:colcon:Command line arguments: ['/usr/bin/colcon', 'build', '--symlink-install']
[2.169s] DEBUG:colcon:Parsed command line arguments: Namespace(allow_overriding=[], ament_cmake_args=None, base_paths=['.'], build_base='build', catkin_cmake_args=None, catkin_skip_building_tests=False, cmake_args=None, cmake_clean_cache=False, cmake_clean_first=False, cmake_force_configure=False, cmake_target=None, cmake_target_skip_unavailable=False, continue_on_error=False, event_handlers=None, executor='parallel', ignore_user_meta=False, install_base='install', log_base=None, log_level=None, main=<bound method BuildVerb.main of <colcon_core.verb.build.BuildVerb object at 0x7fea69266d60>>, merge_install=False, metas=['./colcon.meta'], packages_above=None, packages_above_and_dependencies=None, packages_above_depth=None, packages_end=None, packages_ignore=None, packages_ignore_regex=None, packages_select=None, packages_select_build_failed=False, packages_select_by_dep=None, packages_select_regex=None, packages_select_test_failures=False, packages_skip=None, packages_skip_build_finished=False, packages_skip_by_dep=None, packages_skip_regex=None, packages_skip_test_passed=False, packages_skip_up_to=None, packages_start=None, packages_up_to=None, packages_up_to_regex=None, parallel_workers=12, paths=None, symlink_install=True, test_result_base=None, verb_extension=<colcon_core.verb.build.BuildVerb object at 0x7fea69266d60>, verb_name='build', verb_parser=<colcon_defaults.argument_parser.defaults.DefaultArgumentsDecorator object at 0x7fea69a23520>)
[2.272s] Level 1:colcon.colcon_core.package_discovery:discover_packages(colcon_meta) check parameters
[2.272s] Level 1:colcon.colcon_core.package_discovery:discover_packages(recursive) check parameters
[2.272s] Level 1:colcon.colcon_core.package_discovery:discover_packages(ignore) check parameters
[2.272s] Level 1:colcon.colcon_core.package_discovery:discover_packages(path) check parameters
[2.272s] Level 1:colcon.colcon_core.package_discovery:discover_packages(colcon_meta) discover
[2.272s] Level 1:colcon.colcon_core.package_discovery:discover_packages(recursive) discover
[2.272s] INFO:colcon.colcon_core.package_discovery:Crawling recursively for packages in '/home/david/Desktop/infra_red_ws'
[2.272s] Level 1:colcon.colcon_core.package_identification:_identify(.) by extensions ['ignore', 'ignore_ament_install']
[2.272s] Level 1:colcon.colcon_core.package_identification:_identify(.) by extension 'ignore'
[2.272s] Level 1:colcon.colcon_core.package_identification:_identify(.) by extension 'ignore_ament_install'
[2.272s] Level 1:colcon.colcon_core.package_identification:_identify(.) by extensions ['colcon_pkg']
[2.272s] Level 1:colcon.colcon_core.package_identification:_identify(.) by extension 'colcon_pkg'
[2.272s] Level 1:colcon.colcon_core.package_identification:_identify(.) by extensions ['colcon_meta']
[2.273s] Level 1:colcon.colcon_core.package_identification:_identify(.) by extension 'colcon_meta'
[2.273s] Level 1:colcon.colcon_core.package_identification:_identify(.) by extensions ['ros']
[2.273s] Level 1:colcon.colcon_core.package_identification:_identify(.) by extension 'ros'
[2.282s] Level 1:colcon.colcon_core.package_identification:_identify(.) by extensions ['cmake', 'python']
[2.282s] Level 1:colcon.colcon_core.package_identification:_identify(.) by extension 'cmake'
[2.282s] Level 1:colcon.colcon_core.package_identification:_identify(.) by extension 'python'
[2.282s] Level 1:colcon.colcon_core.package_identification:_identify(.) by extensions ['python_setup_py']
[2.282s] Level 1:colcon.colcon_core.package_identification:_identify(.) by extension 'python_setup_py'
[2.282s] Level 1:colcon.colcon_core.package_identification:_identify(build) by extensions ['ignore', 'ignore_ament_install']
[2.282s] Level 1:colcon.colcon_core.package_identification:_identify(build) by extension 'ignore'
[2.282s] Level 1:colcon.colcon_core.package_identification:_identify(build) ignored
[2.283s] Level 1:colcon.colcon_core.package_identification:_identify(install) by extensions ['ignore', 'ignore_ament_install']
[2.283s] Level 1:colcon.colcon_core.package_identification:_identify(install) by extension 'ignore'
[2.283s] Level 1:colcon.colcon_core.package_identification:_identify(install) ignored
[2.283s] Level 1:colcon.colcon_core.package_identification:_identify(log) by extensions ['ignore', 'ignore_ament_install']
[2.283s] Level 1:colcon.colcon_core.package_identification:_identify(log) by extension 'ignore'
[2.283s] Level 1:colcon.colcon_core.package_identification:_identify(log) ignored
[2.283s] Level 1:colcon.colcon_core.package_identification:_identify(src) by extensions ['ignore', 'ignore_ament_install']
[2.283s] Level 1:colcon.colcon_core.package_identification:_identify(src) by extension 'ignore'
[2.283s] Level 1:colcon.colcon_core.package_identification:_identify(src) by extension 'ignore_ament_install'
[2.283s] Level 1:colcon.colcon_core.package_identification:_identify(src) by extensions ['colcon_pkg']
[2.283s] Level 1:colcon.colcon_core.package_identification:_identify(src) by extension 'colcon_pkg'
[2.283s] Level 1:colcon.colcon_core.package_identification:_identify(src) by extensions ['colcon_meta']
[2.283s] Level 1:colcon.colcon_core.package_identification:_identify(src) by extension 'colcon_meta'
[2.283s] Level 1:colcon.colcon_core.package_identification:_identify(src) by extensions ['ros']
[2.283s] Level 1:colcon.colcon_core.package_identification:_identify(src) by extension 'ros'
[2.283s] Level 1:colcon.colcon_core.package_identification:_identify(src) by extensions ['cmake', 'python']
[2.283s] Level 1:colcon.colcon_core.package_identification:_identify(src) by extension 'cmake'
[2.284s] Level 1:colcon.colcon_core.package_identification:_identify(src) by extension 'python'
[2.284s] Level 1:colcon.colcon_core.package_identification:_identify(src) by extensions ['python_setup_py']
[2.284s] Level 1:colcon.colcon_core.package_identification:_identify(src) by extension 'python_setup_py'
[2.284s] Level 1:colcon.colcon_core.package_identification:_identify(src/ir_localization) by extensions ['ignore', 'ignore_ament_install']
[2.284s] Level 1:colcon.colcon_core.package_identification:_identify(src/ir_localization) by extension 'ignore'
[2.284s] Level 1:colcon.colcon_core.package_identification:_identify(src/ir_localization) by extension 'ignore_ament_install'
[2.284s] Level 1:colcon.colcon_core.package_identification:_identify(src/ir_localization) by extensions ['colcon_pkg']
[2.284s] Level 1:colcon.colcon_core.package_identification:_identify(src/ir_localization) by extension 'colcon_pkg'
[2.284s] Level 1:colcon.colcon_core.package_identification:_identify(src/ir_localization) by extensions ['colcon_meta']
[2.284s] Level 1:colcon.colcon_core.package_identification:_identify(src/ir_localization) by extension 'colcon_meta'
[2.284s] Level 1:colcon.colcon_core.package_identification:_identify(src/ir_localization) by extensions ['ros']
[2.284s] Level 1:colcon.colcon_core.package_identification:_identify(src/ir_localization) by extension 'ros'
[2.287s] DEBUG:colcon.colcon_core.package_identification:Package 'src/ir_localization' with type 'ros.ament_python' and name 'ir_localization'
[2.287s] Level 1:colcon.colcon_core.package_identification:_identify(src/realsense_mapping) by extensions ['ignore', 'ignore_ament_install']
[2.287s] Level 1:colcon.colcon_core.package_identification:_identify(src/realsense_mapping) by extension 'ignore'
[2.287s] Level 1:colcon.colcon_core.package_identification:_identify(src/realsense_mapping) by extension 'ignore_ament_install'
[2.287s] Level 1:colcon.colcon_core.package_identification:_identify(src/realsense_mapping) by extensions ['colcon_pkg']
[2.287s] Level 1:colcon.colcon_core.package_identification:_identify(src/realsense_mapping) by extension 'colcon_pkg'
[2.287s] Level 1:colcon.colcon_core.package_identification:_identify(src/realsense_mapping) by extensions ['colcon_meta']
[2.287s] Level 1:colcon.colcon_core.package_identification:_identify(src/realsense_mapping) by extension 'colcon_meta'
[2.287s] Level 1:colcon.colcon_core.package_identification:_identify(src/realsense_mapping) by extensions ['ros']
[2.287s] Level 1:colcon.colcon_core.package_identification:_identify(src/realsense_mapping) by extension 'ros'
[2.288s] DEBUG:colcon.colcon_core.package_identification:Package 'src/realsense_mapping' with type 'ros.ament_cmake' and name 'realsense_mapping'
[2.288s] Level 1:colcon.colcon_core.package_discovery:discover_packages(recursive) using defaults
[2.288s] Level 1:colcon.colcon_core.package_discovery:discover_packages(ignore) discover
[2.288s] Level 1:colcon.colcon_core.package_discovery:discover_packages(ignore) using defaults
[2.288s] Level 1:colcon.colcon_core.package_discovery:discover_packages(path) discover
[2.288s] Level 1:colcon.colcon_core.package_discovery:discover_packages(path) using defaults
[2.493s] Level 1:colcon.colcon_core.package_discovery:discover_packages(prefix_path) check parameters
[2.493s] Level 1:colcon.colcon_core.package_discovery:discover_packages(prefix_path) discover
[2.569s] DEBUG:colcon.colcon_installed_package_information.package_discovery:Found 18 installed packages in /home/david/Desktop/lunabot-2023/install
[2.607s] DEBUG:colcon.colcon_installed_package_information.package_discovery:Found 26 installed packages in /home/david/ws_moveit2/install
[2.645s] DEBUG:colcon.colcon_installed_package_information.package_discovery:Found 2 installed packages in /home/david/Desktop/infra_red_ws/install
[2.690s] DEBUG:colcon.colcon_installed_package_information.package_discovery:Found 386 installed packages in /opt/ros/foxy
[2.692s] Level 1:colcon.colcon_core.package_discovery:discover_packages(prefix_path) using defaults
[2.862s] Level 5:colcon.colcon_core.verb:set package 'ir_localization' build argument 'cmake_args' from command line to 'None'
[2.862s] Level 5:colcon.colcon_core.verb:set package 'ir_localization' build argument 'cmake_target' from command line to 'None'
[2.862s] Level 5:colcon.colcon_core.verb:set package 'ir_localization' build argument 'cmake_target_skip_unavailable' from command line to 'False'
[2.863s] Level 5:colcon.colcon_core.verb:set package 'ir_localization' build argument 'cmake_clean_cache' from command line to 'False'
[2.863s] Level 5:colcon.colcon_core.verb:set package 'ir_localization' build argument 'cmake_clean_first' from command line to 'False'
[2.863s] Level 5:colcon.colcon_core.verb:set package 'ir_localization' build argument 'cmake_force_configure' from command line to 'False'
[2.863s] Level 5:colcon.colcon_core.verb:set package 'ir_localization' build argument 'ament_cmake_args' from command line to 'None'
[2.863s] Level 5:colcon.colcon_core.verb:set package 'ir_localization' build argument 'catkin_cmake_args' from command line to 'None'
[2.863s] Level 5:colcon.colcon_core.verb:set package 'ir_localization' build argument 'catkin_skip_building_tests' from command line to 'False'
[2.863s] DEBUG:colcon.colcon_core.verb:Building package 'ir_localization' with the following arguments: {'ament_cmake_args': None, 'build_base': '/home/david/Desktop/infra_red_ws/build/ir_localization', 'catkin_cmake_args': None, 'catkin_skip_building_tests': False, 'cmake_args': None, 'cmake_clean_cache': False, 'cmake_clean_first': False, 'cmake_force_configure': False, 'cmake_target': None, 'cmake_target_skip_unavailable': False, 'install_base': '/home/david/Desktop/infra_red_ws/install/ir_localization', 'merge_install': False, 'path': '/home/david/Desktop/infra_red_ws/src/ir_localization', 'symlink_install': True, 'test_result_base': None}
[2.906s] Level 5:colcon.colcon_core.verb:set package 'realsense_mapping' build argument 'cmake_args' from command line to 'None'
[2.906s] Level 5:colcon.colcon_core.verb:set package 'realsense_mapping' build argument 'cmake_target' from command line to 'None'
[2.906s] Level 5:colcon.colcon_core.verb:set package 'realsense_mapping' build argument 'cmake_target_skip_unavailable' from command line to 'False'
[2.906s] Level 5:colcon.colcon_core.verb:set package 'realsense_mapping' build argument 'cmake_clean_cache' from command line to 'False'
[2.906s] Level 5:colcon.colcon_core.verb:set package 'realsense_mapping' build argument 'cmake_clean_first' from command line to 'False'
[2.906s] Level 5:colcon.colcon_core.verb:set package 'realsense_mapping' build argument 'cmake_force_configure' from command line to 'False'
[2.906s] Level 5:colcon.colcon_core.verb:set package 'realsense_mapping' build argument 'ament_cmake_args' from command line to 'None'
[2.906s] Level 5:colcon.colcon_core.verb:set package 'realsense_mapping' build argument 'catkin_cmake_args' from command line to 'None'
[2.906s] Level 5:colcon.colcon_core.verb:set package 'realsense_mapping' build argument 'catkin_skip_building_tests' from command line to 'False'
[2.906s] DEBUG:colcon.colcon_core.verb:Building package 'realsense_mapping' with the following arguments: {'ament_cmake_args': None, 'build_base': '/home/david/Desktop/infra_red_ws/build/realsense_mapping', 'catkin_cmake_args': None, 'catkin_skip_building_tests': False, 'cmake_args': None, 'cmake_clean_cache': False, 'cmake_clean_first': False, 'cmake_force_configure': False, 'cmake_target': None, 'cmake_target_skip_unavailable': False, 'install_base': '/home/david/Desktop/infra_red_ws/install/realsense_mapping', 'merge_install': False, 'path': '/home/david/Desktop/infra_red_ws/src/realsense_mapping', 'symlink_install': True, 'test_result_base': None}
[2.944s] INFO:colcon.colcon_core.executor:Executing jobs using 'parallel' executor
[2.982s] DEBUG:colcon.colcon_parallel_executor.executor.parallel:run_until_complete
[2.982s] INFO:colcon.colcon_ros.task.ament_python.build:Building ROS package in '/home/david/Desktop/infra_red_ws/src/ir_localization' with build type 'ament_python'
[2.982s] Level 1:colcon.colcon_core.shell:create_environment_hook('ir_localization', 'ament_prefix_path')
[3.022s] INFO:colcon.colcon_core.plugin_system:Skipping extension 'colcon_core.shell.bat': Not used on non-Windows systems
[3.023s] INFO:colcon.colcon_core.shell:Creating environment hook '/home/david/Desktop/infra_red_ws/install/ir_localization/share/ir_localization/hook/ament_prefix_path.ps1'
[3.023s] INFO:colcon.colcon_core.shell:Creating environment descriptor '/home/david/Desktop/infra_red_ws/install/ir_localization/share/ir_localization/hook/ament_prefix_path.dsv'
[3.023s] INFO:colcon.colcon_core.shell:Creating environment hook '/home/david/Desktop/infra_red_ws/install/ir_localization/share/ir_localization/hook/ament_prefix_path.sh'
[3.062s] INFO:colcon.colcon_core.shell:Skip shell extension 'powershell' for command environment: Not usable outside of PowerShell
[3.062s] DEBUG:colcon.colcon_core.shell:Skip shell extension 'dsv' for command environment
[3.266s] INFO:colcon.colcon_ros.task.ament_cmake.build:Building ROS package in '/home/david/Desktop/infra_red_ws/src/realsense_mapping' with build type 'ament_cmake'
[3.267s] INFO:colcon.colcon_cmake.task.cmake.build:Building CMake package in '/home/david/Desktop/infra_red_ws/src/realsense_mapping'
[3.307s] INFO:colcon.colcon_core.shell:Skip shell extension 'powershell' for command environment: Not usable outside of PowerShell
[3.307s] DEBUG:colcon.colcon_core.shell:Skip shell extension 'dsv' for command environment
[3.706s] INFO:colcon.colcon_core.task.python.build:Building Python package in '/home/david/Desktop/infra_red_ws/src/ir_localization'
[3.747s] INFO:colcon.colcon_core.shell:Skip shell extension 'powershell' for command environment: Not usable outside of PowerShell
[3.747s] DEBUG:colcon.colcon_core.shell:Skip shell extension 'dsv' for command environment
[3.955s] DEBUG:colcon.colcon_core.event_handler.log_command:Invoking command in '/home/david/Desktop/infra_red_ws/build/realsense_mapping': CMAKE_PREFIX_PATH=${CMAKE_PREFIX_PATH}:/home/david/Desktop/lunabot-2023/install/infra_red_localization:/home/david/Desktop/lunabot-2023/install/state_machine:/home/david/Desktop/lunabot-2023/install/robot_bring_up:/home/david/Desktop/lunabot-2023/install/lidar_localization:/home/david/Desktop/lunabot-2023/install/flip_base_link:/opt/ros/foxy /usr/bin/cmake --build /home/david/Desktop/infra_red_ws/build/realsense_mapping -- -j12 -l12
[4.052s] DEBUG:colcon.colcon_core.event_handler.log_command:Invoked command in '/home/david/Desktop/infra_red_ws/build/realsense_mapping' returned '0': CMAKE_PREFIX_PATH=${CMAKE_PREFIX_PATH}:/home/david/Desktop/lunabot-2023/install/infra_red_localization:/home/david/Desktop/lunabot-2023/install/state_machine:/home/david/Desktop/lunabot-2023/install/robot_bring_up:/home/david/Desktop/lunabot-2023/install/lidar_localization:/home/david/Desktop/lunabot-2023/install/flip_base_link:/opt/ros/foxy /usr/bin/cmake --build /home/david/Desktop/infra_red_ws/build/realsense_mapping -- -j12 -l12
[4.101s] DEBUG:colcon.colcon_core.event_handler.log_command:Invoking command in '/home/david/Desktop/infra_red_ws/build/realsense_mapping': CMAKE_PREFIX_PATH=${CMAKE_PREFIX_PATH}:/home/david/Desktop/lunabot-2023/install/infra_red_localization:/home/david/Desktop/lunabot-2023/install/state_machine:/home/david/Desktop/lunabot-2023/install/robot_bring_up:/home/david/Desktop/lunabot-2023/install/lidar_localization:/home/david/Desktop/lunabot-2023/install/flip_base_link:/opt/ros/foxy /usr/bin/cmake --install /home/david/Desktop/infra_red_ws/build/realsense_mapping
[4.134s] Level 1:colcon.colcon_core.environment:create_environment_scripts_only(realsense_mapping)
[4.134s] DEBUG:colcon.colcon_core.event_handler.log_command:Invoked command in '/home/david/Desktop/infra_red_ws/build/realsense_mapping' returned '0': CMAKE_PREFIX_PATH=${CMAKE_PREFIX_PATH}:/home/david/Desktop/lunabot-2023/install/infra_red_localization:/home/david/Desktop/lunabot-2023/install/state_machine:/home/david/Desktop/lunabot-2023/install/robot_bring_up:/home/david/Desktop/lunabot-2023/install/lidar_localization:/home/david/Desktop/lunabot-2023/install/flip_base_link:/opt/ros/foxy /usr/bin/cmake --install /home/david/Desktop/infra_red_ws/build/realsense_mapping
[4.178s] Level 1:colcon.colcon_core.environment:checking '/home/david/Desktop/infra_red_ws/install/realsense_mapping' for CMake module files
[4.178s] Level 1:colcon.colcon_core.environment:checking '/home/david/Desktop/infra_red_ws/install/realsense_mapping' for CMake config files
[4.179s] Level 1:colcon.colcon_core.shell:create_environment_hook('realsense_mapping', 'cmake_prefix_path')
[4.219s] INFO:colcon.colcon_core.shell:Creating environment hook '/home/david/Desktop/infra_red_ws/install/realsense_mapping/share/realsense_mapping/hook/cmake_prefix_path.ps1'
[4.219s] INFO:colcon.colcon_core.shell:Creating environment descriptor '/home/david/Desktop/infra_red_ws/install/realsense_mapping/share/realsense_mapping/hook/cmake_prefix_path.dsv'
[4.220s] INFO:colcon.colcon_core.shell:Creating environment hook '/home/david/Desktop/infra_red_ws/install/realsense_mapping/share/realsense_mapping/hook/cmake_prefix_path.sh'
[4.220s] Level 1:colcon.colcon_core.environment:checking '/home/david/Desktop/infra_red_ws/install/realsense_mapping/lib'
[4.221s] Level 1:colcon.colcon_core.environment:checking '/home/david/Desktop/infra_red_ws/install/realsense_mapping/bin'
[4.221s] Level 1:colcon.colcon_core.environment:checking '/home/david/Desktop/infra_red_ws/install/realsense_mapping/lib/pkgconfig/realsense_mapping.pc'
[4.221s] Level 1:colcon.colcon_core.environment:checking '/home/david/Desktop/infra_red_ws/install/realsense_mapping/lib/python3.8/site-packages'
[4.221s] Level 1:colcon.colcon_core.environment:checking '/home/david/Desktop/infra_red_ws/install/realsense_mapping/bin'
[4.260s] INFO:colcon.colcon_core.shell:Creating package script '/home/david/Desktop/infra_red_ws/install/realsense_mapping/share/realsense_mapping/package.ps1'
[4.261s] INFO:colcon.colcon_core.shell:Creating package descriptor '/home/david/Desktop/infra_red_ws/install/realsense_mapping/share/realsense_mapping/package.dsv'
[4.261s] INFO:colcon.colcon_core.shell:Creating package script '/home/david/Desktop/infra_red_ws/install/realsense_mapping/share/realsense_mapping/package.sh'
[4.262s] INFO:colcon.colcon_core.shell:Creating package script '/home/david/Desktop/infra_red_ws/install/realsense_mapping/share/realsense_mapping/package.bash'
[4.263s] INFO:colcon.colcon_core.shell:Creating package script '/home/david/Desktop/infra_red_ws/install/realsense_mapping/share/realsense_mapping/package.zsh'
[4.263s] Level 1:colcon.colcon_core.environment:create_file_with_runtime_dependencies(/home/david/Desktop/infra_red_ws/install/realsense_mapping/share/colcon-core/packages/realsense_mapping)
[4.337s] Level 1:colcon.colcon_core.environment:create_environment_scripts_only(realsense_mapping)
[4.376s] Level 1:colcon.colcon_core.environment:checking '/home/david/Desktop/infra_red_ws/install/realsense_mapping' for CMake module files
[4.377s] Level 1:colcon.colcon_core.environment:checking '/home/david/Desktop/infra_red_ws/install/realsense_mapping' for CMake config files
[4.377s] Level 1:colcon.colcon_core.shell:create_environment_hook('realsense_mapping', 'cmake_prefix_path')
[4.416s] INFO:colcon.colcon_core.shell:Creating environment hook '/home/david/Desktop/infra_red_ws/install/realsense_mapping/share/realsense_mapping/hook/cmake_prefix_path.ps1'
[4.416s] INFO:colcon.colcon_core.shell:Creating environment descriptor '/home/david/Desktop/infra_red_ws/install/realsense_mapping/share/realsense_mapping/hook/cmake_prefix_path.dsv'
[4.416s] INFO:colcon.colcon_core.shell:Creating environment hook '/home/david/Desktop/infra_red_ws/install/realsense_mapping/share/realsense_mapping/hook/cmake_prefix_path.sh'
[4.417s] Level 1:colcon.colcon_core.environment:checking '/home/david/Desktop/infra_red_ws/install/realsense_mapping/lib'
[4.417s] Level 1:colcon.colcon_core.environment:checking '/home/david/Desktop/infra_red_ws/install/realsense_mapping/bin'
[4.417s] Level 1:colcon.colcon_core.environment:checking '/home/david/Desktop/infra_red_ws/install/realsense_mapping/lib/pkgconfig/realsense_mapping.pc'
[4.417s] Level 1:colcon.colcon_core.environment:checking '/home/david/Desktop/infra_red_ws/install/realsense_mapping/lib/python3.8/site-packages'
[4.417s] Level 1:colcon.colcon_core.environment:checking '/home/david/Desktop/infra_red_ws/install/realsense_mapping/bin'
[4.456s] INFO:colcon.colcon_core.shell:Creating package script '/home/david/Desktop/infra_red_ws/install/realsense_mapping/share/realsense_mapping/package.ps1'
[4.457s] INFO:colcon.colcon_core.shell:Creating package descriptor '/home/david/Desktop/infra_red_ws/install/realsense_mapping/share/realsense_mapping/package.dsv'
[4.457s] INFO:colcon.colcon_core.shell:Creating package script '/home/david/Desktop/infra_red_ws/install/realsense_mapping/share/realsense_mapping/package.sh'
[4.458s] INFO:colcon.colcon_core.shell:Creating package script '/home/david/Desktop/infra_red_ws/install/realsense_mapping/share/realsense_mapping/package.bash'
[4.458s] INFO:colcon.colcon_core.shell:Creating package script '/home/david/Desktop/infra_red_ws/install/realsense_mapping/share/realsense_mapping/package.zsh'
[4.458s] Level 1:colcon.colcon_core.environment:create_file_with_runtime_dependencies(/home/david/Desktop/infra_red_ws/install/realsense_mapping/share/colcon-core/packages/realsense_mapping)
[4.463s] DEBUG:colcon.colcon_core.event_handler.log_command:Invoking command in '/home/david/Desktop/infra_red_ws/build/ir_localization': PYTHONPATH=/home/david/Desktop/infra_red_ws/build/ir_localization/prefix_override:/home/david/Desktop/infra_red_ws/install/ir_localization/lib/python3.8/site-packages:${PYTHONPATH} /usr/bin/python3 setup.py develop --editable --build-directory /home/david/Desktop/infra_red_ws/build/ir_localization/build --no-deps install_data
[4.899s] Level 1:colcon.colcon_core.shell:create_environment_hook('ir_localization', 'pythonpath_develop')
[4.899s] DEBUG:colcon.colcon_core.event_handler.log_command:Invoked command in '/home/david/Desktop/infra_red_ws/build/ir_localization' returned '0': PYTHONPATH=/home/david/Desktop/infra_red_ws/build/ir_localization/prefix_override:/home/david/Desktop/infra_red_ws/install/ir_localization/lib/python3.8/site-packages:${PYTHONPATH} /usr/bin/python3 setup.py develop --editable --build-directory /home/david/Desktop/infra_red_ws/build/ir_localization/build --no-deps install_data
[4.948s] INFO:colcon.colcon_core.shell:Creating environment hook '/home/david/Desktop/infra_red_ws/build/ir_localization/share/ir_localization/hook/pythonpath_develop.ps1'
[4.948s] INFO:colcon.colcon_core.shell:Creating environment descriptor '/home/david/Desktop/infra_red_ws/build/ir_localization/share/ir_localization/hook/pythonpath_develop.dsv'
[4.948s] INFO:colcon.colcon_core.shell:Creating environment hook '/home/david/Desktop/infra_red_ws/build/ir_localization/share/ir_localization/hook/pythonpath_develop.sh'
[4.986s] Level 1:colcon.colcon_core.environment:checking '/home/david/Desktop/infra_red_ws/install/ir_localization' for CMake module files
[4.987s] Level 1:colcon.colcon_core.environment:checking '/home/david/Desktop/infra_red_ws/install/ir_localization' for CMake config files
[4.987s] Level 1:colcon.colcon_core.environment:checking '/home/david/Desktop/infra_red_ws/install/ir_localization/lib'
[4.987s] Level 1:colcon.colcon_core.environment:checking '/home/david/Desktop/infra_red_ws/install/ir_localization/bin'
[4.987s] Level 1:colcon.colcon_core.environment:checking '/home/david/Desktop/infra_red_ws/install/ir_localization/lib/pkgconfig/ir_localization.pc'
[4.988s] Level 1:colcon.colcon_core.environment:checking '/home/david/Desktop/infra_red_ws/install/ir_localization/lib/python3.8/site-packages'
[4.988s] Level 1:colcon.colcon_core.shell:create_environment_hook('ir_localization', 'pythonpath')
[5.026s] INFO:colcon.colcon_core.shell:Creating environment hook '/home/david/Desktop/infra_red_ws/install/ir_localization/share/ir_localization/hook/pythonpath.ps1'
[5.027s] INFO:colcon.colcon_core.shell:Creating environment descriptor '/home/david/Desktop/infra_red_ws/install/ir_localization/share/ir_localization/hook/pythonpath.dsv'
[5.027s] INFO:colcon.colcon_core.shell:Creating environment hook '/home/david/Desktop/infra_red_ws/install/ir_localization/share/ir_localization/hook/pythonpath.sh'
[5.028s] Level 1:colcon.colcon_core.environment:checking '/home/david/Desktop/infra_red_ws/install/ir_localization/bin'
[5.028s] Level 1:colcon.colcon_core.environment:create_environment_scripts_only(ir_localization)
[5.072s] INFO:colcon.colcon_core.shell:Creating package script '/home/david/Desktop/infra_red_ws/install/ir_localization/share/ir_localization/package.ps1'
[5.072s] INFO:colcon.colcon_core.shell:Creating package descriptor '/home/david/Desktop/infra_red_ws/install/ir_localization/share/ir_localization/package.dsv'
[5.073s] INFO:colcon.colcon_core.shell:Creating package script '/home/david/Desktop/infra_red_ws/install/ir_localization/share/ir_localization/package.sh'
[5.073s] INFO:colcon.colcon_core.shell:Creating package script '/home/david/Desktop/infra_red_ws/install/ir_localization/share/ir_localization/package.bash'
[5.073s] INFO:colcon.colcon_core.shell:Creating package script '/home/david/Desktop/infra_red_ws/install/ir_localization/share/ir_localization/package.zsh'
[5.074s] Level 1:colcon.colcon_core.environment:create_file_with_runtime_dependencies(/home/david/Desktop/infra_red_ws/install/ir_localization/share/colcon-core/packages/ir_localization)
[5.074s] DEBUG:colcon.colcon_parallel_executor.executor.parallel:closing loop
[5.074s] DEBUG:colcon.colcon_parallel_executor.executor.parallel:loop closed
[5.075s] DEBUG:colcon.colcon_parallel_executor.executor.parallel:run_until_complete finished with '0'
[5.075s] DEBUG:colcon.colcon_core.event_reactor:joining thread
[5.121s] INFO:colcon.colcon_core.plugin_system:Skipping extension 'colcon_notification.desktop_notification.terminal_notifier': Not used on non-Darwin systems
[5.121s] INFO:colcon.colcon_core.plugin_system:Skipping extension 'colcon_notification.desktop_notification.win32': Not used on non-Windows systems
[5.122s] INFO:colcon.colcon_notification.desktop_notification:Sending desktop notification using 'notify2'
[5.133s] DEBUG:colcon.colcon_core.event_reactor:joined thread
[5.190s] INFO:colcon.colcon_core.shell:Creating prefix script '/home/david/Desktop/infra_red_ws/install/local_setup.ps1'
[5.191s] INFO:colcon.colcon_core.shell:Creating prefix util module '/home/david/Desktop/infra_red_ws/install/_local_setup_util_ps1.py'
[5.192s] INFO:colcon.colcon_core.shell:Creating prefix chain script '/home/david/Desktop/infra_red_ws/install/setup.ps1'
[5.235s] INFO:colcon.colcon_core.shell:Creating prefix script '/home/david/Desktop/infra_red_ws/install/local_setup.sh'
[5.236s] INFO:colcon.colcon_core.shell:Creating prefix util module '/home/david/Desktop/infra_red_ws/install/_local_setup_util_sh.py'
[5.236s] INFO:colcon.colcon_core.shell:Creating prefix chain script '/home/david/Desktop/infra_red_ws/install/setup.sh'
[5.280s] INFO:colcon.colcon_core.shell:Creating prefix script '/home/david/Desktop/infra_red_ws/install/local_setup.bash'
[5.281s] INFO:colcon.colcon_core.shell:Creating prefix chain script '/home/david/Desktop/infra_red_ws/install/setup.bash'
[5.323s] INFO:colcon.colcon_core.shell:Creating prefix script '/home/david/Desktop/infra_red_ws/install/local_setup.zsh'
[5.323s] INFO:colcon.colcon_core.shell:Creating prefix chain script '/home/david/Desktop/infra_red_ws/install/setup.zsh'
